[2024-12-04 15:21:39] Raw JSON Input: {"full_name":"Mahendra Bhamu","class":"9","school_name":"SIPS","city":"Chandigarh","parent_email":"mahendra.bhamu@prepladder.com","parent_phone":"7276681911"}
[2024-12-04 15:21:39] Unexpected Error: Table 'sips.registrations' doesn't exist
[2024-12-04 15:25:12] Raw JSON Input: {"full_name":"Mahendra Bhamu","class":"9","school_name":"SIPS","city":"Chandigarh","parent_email":"mahendra.bhamu@prepladder.com","parent_phone":"7276681911"}
[2024-12-04 16:36:20] Raw JSON Input: {"full_name":"Mahendra Bhamu","class":"1","school_name":"Sunrise","city":"Chandigarh","parent_email":"mahendra.bhamu@prepladder.com","parent_phone":"7276681911"}
[2024-12-04 16:36:55] Raw JSON Input: {"full_name":"Mahendra Bhamu","class":"1","school_name":"Sunrise","city":"Chandigarh","parent_email":"mahendra.bhamu@prepladder.com","parent_phone":"7276681911"}
[2024-12-04 16:42:36] Raw JSON Input: {"full_name":"Mahendra Bhamu","class":"1","school_name":"SIPS","city":"Chandigarh","parent_email":"mahendra.bhamu@prepladder.com","parent_phone":"7276681911"}
[2024-12-04 16:42:47] Raw JSON Input: {"full_name":"Mahendra Bhamu","class":"1","school_name":"SIPS","city":"Chandigarh","parent_email":"mahendra.bhamu@prepladder.com","parent_phone":"7276681912"}
[2024-12-05 10:32:41] Raw JSON Input: {"full_name":"Akshay","class":"3","school_name":"Prepladder","city":"Sikar","parent_email":"Ayys","parent_phone":"7376689111"}
[2024-12-05 10:32:41] Validation Errors: Invalid email format
[2024-12-05 10:34:48] Raw JSON Input: {"full_name":"Aksyaa","class":"5","school_name":"Prepladder","city":"Nechwa","parent_email":"Akkss","parent_phone":"8348348335"}
[2024-12-05 10:34:48] Validation Errors: Invalid email format
[2024-12-05 10:38:43] Raw JSON Input: {"full_name":"Aksyaa","class":"5","school_name":"Prepladder","city":"Nechwa","parent_email":"Akkss","parent_phone":"8348348335"}
[2024-12-05 10:38:43] Validation Errors: Invalid email format
[2024-12-05 10:39:24] Raw JSON Input: {"full_name":"Suraj","class":"8","school_name":"Prepladder","city":"Sikar","parent_email":"Adarsh","parent_phone":"7747474444"}
[2024-12-05 10:39:24] Validation Errors: Invalid email format
[2024-12-05 10:41:43] Raw JSON Input: {"full_name":"suraj","class":"5","school_name":"Prepladder","city":"Sikar","parent_email":"test","parent_phone":"7373737375"}
[2024-12-06 00:36:17] Raw JSON Input: {"full_name":"BL Bhamoo","class":"10","school_name":"Sips","city":"Sikar ","parent_email":"ML Bhamu","parent_phone":"8800305186"}
[2024-12-06 09:00:30] Raw JSON Input: {"full_name":"Ranjana","class":"4","school_name":"Sipsps","city":"Sikar","parent_email":"M L","parent_phone":"7276681933"}
[2024-12-06 16:24:52] Raw JSON Input: {"full_name":"Tesst","class":"4","school_name":"Sips","city":"Sikar","parent_email":"Tess","parent_phone":"7276681922"}
[2024-12-09 14:36:11] Raw JSON Input: {"full_name":"Mahendra Bhamu","class":"6","school_name":"Sunrise","city":"Chandigarh","parent_email":"mahendra.bhamu@prepladder.com","parent_phone":"7276681911"}
[2024-12-09 14:37:01] Raw JSON Input: {"full_name":"Mahendra Bhamu","class":"6","school_name":"Sunrise","city":"Chandigarh","parent_email":"mahendra.bhamu@prepladder.com","parent_phone":"7276681911"}
[2024-12-09 14:41:07] Raw JSON Input: {"full_name":"Mahendra Bhamu","class":"7","school_name":"Sunrise","city":"Chandigarh","parent_email":"mahendra.bhamu@prepladder.com","parent_phone":"7276681911"}
[2024-12-09 14:47:32] Raw JSON Input: {"full_name":"Mahendra Bhamu","class":"5","school_name":"Sunrise International public school","city":"Chandigarh","parent_email":"mahendra.bhamu@prepladder.com","parent_phone":"7276681911"}
[2024-12-09 14:48:20] Raw JSON Input: {"full_name":"Mahendra Bhamu","class":"4","school_name":"Sunrise International public school","city":"Chandigarh","parent_email":"mahendra.bhamu@prepladder.com","parent_phone":"7276681911"}
[2024-12-09 14:48:34] Raw JSON Input: {"full_name":"Mahendra Bhamu","class":"5","school_name":"Prepladder","city":"Chandigarh","parent_email":"mahendra.bhamu@prepladder.com","parent_phone":"7276681911"}
[2024-12-09 14:49:10] Raw JSON Input: {"full_name":"Mahendra Bhamu","class":"12","school_name":"Sunrise International public school","city":"Chandigarh","parent_email":"mahendra.bhamu@prepladder.com","parent_phone":"7276681911"}
[2024-12-09 14:49:31] Raw JSON Input: {"full_name":"Mahendra Bhamu","class":"6","school_name":"Prepladder","city":"Chandigarh","parent_email":"mahendra.bhamu@prepladder.com","parent_phone":"7276681911"}
[2024-12-09 14:49:43] Raw JSON Input: {"full_name":"Mahendra Bhamu","class":"5","school_name":"Prepladder","city":"Chandigarh","parent_email":"mahendra.bhamu@prepladder.com","parent_phone":"7276681913"}
[2024-12-09 14:51:32] Raw JSON Input: {"full_name":"Mahendra Bhamu","class":"5","school_name":"Prepladder","city":"Chandigarh","parent_email":"mahendra.bhamu@prepladder.com","parent_phone":"7276681915"}
